2023-09-29 06:15:08 +0000  Initial pipeline context: <IDEDistributionProcessingPipelineContext: 0x44562c4f0; archive(resolved)="<IDEArchive: 0x600232938060>", distributionTask(resolved)="2", distributionDestination(resolved)="1", distributionMethod(resolved)="<IDEDistributionMethodiOSEnterprise: 0x60000cf15890>", team(resolved)="<IDEProvisioningDisambiguatableBasicTeam: 0x600005206840; teamID='85Z6DRR6M5', teamName='Softweb Solutions Inc.', teamType='Enterprise', username='rumit.khakhi@softwebsolutions.com', isFreeProvisioningTeam='0'>">
	Chain (14, self inclusive):
	<IDEDistributionProcessingPipelineContext: 0x44562c4f0; archive = "<IDEArchive: 0x600232938060>", distributionMethod="<IDEDistributionMethodiOSEnterprise: 0x60000cf15890>", team="<IDEProvisioningDisambiguatableBasicTeam: 0x600005206840; teamID='85Z6DRR6M5', teamName='Softweb Solutions Inc.', teamType='Enterprise', username='rumit.khakhi@softwebsolutions.com', isFreeProvisioningTeam='0'>">
	<IDEDistributionProcessingPipelineContext: 0x445653630; archive = "<IDEArchive: 0x600232938060>", distributionMethod="<IDEDistributionMethodiOSEnterprise: 0x60000cf15890>", team="<IDEProvisioningDisambiguatableBasicTeam: 0x600005206840; teamID='85Z6DRR6M5', teamName='Softweb Solutions Inc.', teamType='Enterprise', username='rumit.khakhi@softwebsolutions.com', isFreeProvisioningTeam='0'>">
	<IDEDistributionContext: 0x4711bd9d0; archive = "<IDEArchive: 0x600232938060>", distributionMethod="<IDEDistributionMethodiOSEnterprise: 0x60000cf15890>", team="<IDEProvisioningDisambiguatableBasicTeam: 0x600005206840; teamID='85Z6DRR6M5', teamName='Softweb Solutions Inc.', teamType='Enterprise', username='rumit.khakhi@softwebsolutions.com', isFreeProvisioningTeam='0'>">
	<IDEDistributionContext: 0x47ddec220; archive = "<IDEArchive: 0x600232938060>", distributionMethod="<IDEDistributionMethodiOSEnterprise: 0x60000cf15890>", team="<IDEProvisioningDisambiguatableBasicTeam: 0x600005206840; teamID='85Z6DRR6M5', teamName='Softweb Solutions Inc.', teamType='Enterprise', username='rumit.khakhi@softwebsolutions.com', isFreeProvisioningTeam='0'>">
	<IDEDistributionContext: 0x47ddf92b0; archive = "<IDEArchive: 0x600232938060>", distributionMethod="<IDEDistributionMethodiOSEnterprise: 0x60000cf15890>", team="<IDEProvisioningDisambiguatableBasicTeam: 0x600005206840; teamID='85Z6DRR6M5', teamName='Softweb Solutions Inc.', teamType='Enterprise', username='rumit.khakhi@softwebsolutions.com', isFreeProvisioningTeam='0'>">
	<IDEDistributionContext: 0x47dde8d70; archive = "<IDEArchive: 0x600232938060>", distributionMethod="<IDEDistributionMethodiOSEnterprise: 0x60000cf15890>", team="<IDEProvisioningDisambiguatableBasicTeam: 0x600005206840; teamID='85Z6DRR6M5', teamName='Softweb Solutions Inc.', teamType='Enterprise', username='rumit.khakhi@softwebsolutions.com', isFreeProvisioningTeam='0'>">
	<IDEDistributionContext: 0x48d636330; archive = "<IDEArchive: 0x600232938060>", distributionMethod="<IDEDistributionMethodiOSEnterprise: 0x60000cf15890>", team="<IDEProvisioningDisambiguatableBasicTeam: 0x600005206840; teamID='85Z6DRR6M5', teamName='Softweb Solutions Inc.', teamType='Enterprise', username='rumit.khakhi@softwebsolutions.com', isFreeProvisioningTeam='0'>">
	<IDEDistributionContext: 0x48d6391c0; archive = "<IDEArchive: 0x600232938060>", distributionMethod="<IDEDistributionMethodiOSEnterprise: 0x60000cf15890>", team="<IDEProvisioningDisambiguatableBasicTeam: 0x600005206840; teamID='85Z6DRR6M5', teamName='Softweb Solutions Inc.', teamType='Enterprise', username='rumit.khakhi@softwebsolutions.com', isFreeProvisioningTeam='0'>">
	<IDEDistributionContext: 0x47d04bee0; archive = "<IDEArchive: 0x600232938060>", distributionMethod="<IDEDistributionMethodiOSEnterprise: 0x60000cf15890>", team="<IDEProvisioningDisambiguatableBasicTeam: 0x600005206840; teamID='85Z6DRR6M5', teamName='Softweb Solutions Inc.', teamType='Enterprise', username='rumit.khakhi@softwebsolutions.com', isFreeProvisioningTeam='0'>">
	<IDEDistributionContext: 0x47bbf1650; archive = "<IDEArchive: 0x600232938060>", distributionMethod="<IDEDistributionMethodiOSEnterprise: 0x60000cf15890>", team="(null)">
	<IDEDistributionContext: 0x47dde1b90; archive = "<IDEArchive: 0x600232938060>", distributionMethod="<IDEDistributionMethodiOSEnterprise: 0x60000cf15890>", team="(null)">
	<IDEDistributionContext: 0x47dde7250; archive = "<IDEArchive: 0x600232938060>", distributionMethod="<IDEDistributionMethodiOSEnterprise: 0x60000cf15890>", team="(null)">
	<IDEDistributionContext: 0x445656eb0; archive = "<IDEArchive: 0x600232938060>", distributionMethod="<IDEDistributionMethodiOSEnterprise: 0x60000cf15890>", team="(null)">
	<IDEDistributionContext: 0x4a16a13e0; archive = "<IDEArchive: 0x600232938060>", distributionMethod="(null)", team="(null)">
</IDEDistributionProcessingPipelineContext: 0x44562c4f0>
2023-09-29 06:15:08 +0000  Processing step: IDEDistributionCreateDestRootStep
2023-09-29 06:15:08 +0000  Processing step: IDEDistributionCopyItemStep
2023-09-29 06:15:08 +0000  Running /usr/bin/ditto '-V' '/Users/kirtan.vaghela/Library/Developer/Xcode/Archives/2023-09-29/IoTConnectDemo 29-09-23, 11.44 AM.xcarchive/Products/Applications/IoTConnectDemo.app' '/var/folders/0w/753zrdtj3kx7w1_ymdz3tm7c0000gr/T/XcodeDistPipeline.~~~4w2XTD/Root/Payload/IoTConnectDemo.app'
2023-09-29 06:15:08 +0000  >>> Copying /Users/kirtan.vaghela/Library/Developer/Xcode/Archives/2023-09-29/IoTConnectDemo 29-09-23, 11.44 AM.xcarchive/Products/Applications/IoTConnectDemo.app 
2023-09-29 06:15:08 +0000  copying file ./_CodeSignature/CodeResources ... 
2023-09-29 06:15:08 +0000  6233 bytes for ./_CodeSignature/CodeResources
2023-09-29 06:15:08 +0000  copying file ./client.p12 ... 
2023-09-29 06:15:08 +0000  2309 bytes for ./client.p12
2023-09-29 06:15:08 +0000  copying file ./TableHeaderView.nib ... 
2023-09-29 06:15:08 +0000  3625 bytes for ./TableHeaderView.nib
2023-09-29 06:15:08 +0000  copying file ./IoTConnectDemo ... 
2023-09-29 06:15:08 +0000  683808 bytes for ./IoTConnectDemo
2023-09-29 06:15:08 +0000  copying file ./Base.lproj/Main.storyboardc/UINavigationController-3ey-NY-Slv.nib ... 
2023-09-29 06:15:08 +0000  1760 bytes for ./Base.lproj/Main.storyboardc/UINavigationController-3ey-NY-Slv.nib
2023-09-29 06:15:08 +0000  copying file ./Base.lproj/Main.storyboardc/ChildOperationVC.nib ... 
2023-09-29 06:15:08 +0000  1060 bytes for ./Base.lproj/Main.storyboardc/ChildOperationVC.nib
2023-09-29 06:15:08 +0000  copying file ./Base.lproj/Main.storyboardc/WM8-vI-5hN-view-YYj-jx-Jhw.nib ... 
2023-09-29 06:15:08 +0000  24680 bytes for ./Base.lproj/Main.storyboardc/WM8-vI-5hN-view-YYj-jx-Jhw.nib
2023-09-29 06:15:08 +0000  copying file ./Base.lproj/Main.storyboardc/vdq-9a-pca-view-x8u-d3-eOg.nib ... 
2023-09-29 06:15:08 +0000  8858 bytes for ./Base.lproj/Main.storyboardc/vdq-9a-pca-view-x8u-d3-eOg.nib
2023-09-29 06:15:08 +0000  copying file ./Base.lproj/Main.storyboardc/Info.plist ... 
2023-09-29 06:15:08 +0000  329 bytes for ./Base.lproj/Main.storyboardc/Info.plist
2023-09-29 06:15:08 +0000  copying file ./Base.lproj/LaunchScreen.storyboardc/01J-lp-oVM-view-Ze5-6b-2t3.nib ... 
2023-09-29 06:15:08 +0000  1197 bytes for ./Base.lproj/LaunchScreen.storyboardc/01J-lp-oVM-view-Ze5-6b-2t3.nib
2023-09-29 06:15:08 +0000  copying file ./Base.lproj/LaunchScreen.storyboardc/UIViewController-01J-lp-oVM.nib ... 
2023-09-29 06:15:08 +0000  896 bytes for ./Base.lproj/LaunchScreen.storyboardc/UIViewController-01J-lp-oVM.nib
2023-09-29 06:15:08 +0000  copying file ./Base.lproj/LaunchScreen.storyboardc/Info.plist ... 
2023-09-29 06:15:08 +0000  258 bytes for ./Base.lproj/LaunchScreen.storyboardc/Info.plist
2023-09-29 06:15:08 +0000  copying file ./Assets.car ... 
2023-09-29 06:15:08 +0000  31743 bytes for ./Assets.car
2023-09-29 06:15:08 +0000  copying file ./DeviceCertificate.pfx ... 
2023-09-29 06:15:08 +0000  3165 bytes for ./DeviceCertificate.pfx
2023-09-29 06:15:08 +0000  copying file ./Frameworks/IoTConnect_2_0.framework/_CodeSignature/CodeResources ... 
2023-09-29 06:15:08 +0000  1798 bytes for ./Frameworks/IoTConnect_2_0.framework/_CodeSignature/CodeResources
2023-09-29 06:15:08 +0000  copying file ./Frameworks/IoTConnect_2_0.framework/IoTConnect_2_0 ... 
2023-09-29 06:15:08 +0000  1660304 bytes for ./Frameworks/IoTConnect_2_0.framework/IoTConnect_2_0
2023-09-29 06:15:08 +0000  copying file ./Frameworks/IoTConnect_2_0.framework/Info.plist ... 
2023-09-29 06:15:08 +0000  752 bytes for ./Frameworks/IoTConnect_2_0.framework/Info.plist
2023-09-29 06:15:08 +0000  copying file ./embedded.mobileprovision ... 
2023-09-29 06:15:08 +0000  12474 bytes for ./embedded.mobileprovision
2023-09-29 06:15:08 +0000  copying file ./Info.plist ... 
2023-09-29 06:15:08 +0000  1474 bytes for ./Info.plist
2023-09-29 06:15:08 +0000  copying file ./PkgInfo ... 
2023-09-29 06:15:08 +0000  8 bytes for ./PkgInfo
2023-09-29 06:15:08 +0000  /usr/bin/ditto exited with 0
2023-09-29 06:15:08 +0000  Processing step: IDEDistributionEmbedProfileStep
2023-09-29 06:15:08 +0000  Skipping profile for item: <IDEDistributionItem: 0x6002329b5740; bundleID='PS.IoTConnect-2-0', path='<DVTFilePath:0x6000fe372e80:'/Users/kirtan.vaghela/Library/Developer/Xcode/Archives/2023-09-29/IoTConnectDemo 29-09-23, 11.44 AM.xcarchive/Products/Applications/IoTConnectDemo.app/Frameworks/IoTConnect_2_0.framework'>', codeSigningInfo='<_DVTCodeSigningInformation_Path: 0x6000fee1c460; isSigned='1', isAdHocSigned='0', signingCertificate='<DVTSigningCertificate: 0x6000139d9a20; name='iPhone Distribution: Softweb Solutions Inc.', hash='045230EE60DA5A7EE88775DD25C78DFC1B281AE5', serialNumber='65A7D5C3C6956DA512031577CC9FCBD4', certificateKinds='(
    "1.2.840.113635.100.6.1.4"
), issueDate='2023-04-21 09:39:54 +0000''>', entitlements='(null)', teamID='85Z6DRR6M5', identifier='PS.IoTConnect-2-0', executablePath='<DVTFilePath:0x6001166a9a40:'/Users/kirtan.vaghela/Library/Developer/Xcode/Archives/2023-09-29/IoTConnectDemo 29-09-23, 11.44 AM.xcarchive/Products/Applications/IoTConnectDemo.app/Frameworks/IoTConnect_2_0.framework/IoTConnect_2_0'>', hardenedRuntime='0'>'>
2023-09-29 06:15:08 +0000  Processing step: IDEDistributionInfoPlistStep
2023-09-29 06:15:08 +0000  Skipping step: IDEDistributionInfoPlistStep because it said so
2023-09-29 06:15:08 +0000  Skipping step: IDEDistributionInfoPlistStep because it said so
2023-09-29 06:15:08 +0000  Processing step: IDEDistributionAppThinningPlistStep
2023-09-29 06:15:08 +0000  Skipping step: IDEDistributionAppThinningPlistStep because it said so
2023-09-29 06:15:08 +0000  Processing step: IDEDistributionCompileBitcodeStep
2023-09-29 06:15:08 +0000  Skipping step: IDEDistributionCompileBitcodeStep because it said so
2023-09-29 06:15:08 +0000  Processing step: IDEDistributionCodeSlimmingStep
2023-09-29 06:15:08 +0000  Processing step: IDEDistributionCopyBCSymbolMapsStep
2023-09-29 06:15:08 +0000  Skipping step: IDEDistributionCopyBCSymbolMapsStep because it said so
2023-09-29 06:15:08 +0000  Skipping step: IDEDistributionCopyBCSymbolMapsStep because it said so
2023-09-29 06:15:08 +0000  Processing step: IDEDistributionSymbolsStep
2023-09-29 06:15:08 +0000  Skipping step: IDEDistributionSymbolsStep because it said so
2023-09-29 06:15:08 +0000  Skipping step: IDEDistributionSymbolsStep because it said so
2023-09-29 06:15:08 +0000  Processing step: IDEDistributionAppThinningStep
2023-09-29 06:15:08 +0000  Skipping step: IDEDistributionAppThinningStep because it said so
2023-09-29 06:15:08 +0000  Processing step: IDEDistributionArchThinningStep
2023-09-29 06:15:08 +0000  Running /Applications/Xcode14-2.app/Contents/Developer/Toolchains/XcodeDefault.xctoolchain/usr/bin/lipo '/var/folders/0w/753zrdtj3kx7w1_ymdz3tm7c0000gr/T/XcodeDistPipeline.~~~4w2XTD/Root/Payload/IoTConnectDemo.app/Frameworks/IoTConnect_2_0.framework/IoTConnect_2_0' '-verify_arch' 'arm64e'
2023-09-29 06:15:08 +0000  /Applications/Xcode14-2.app/Contents/Developer/Toolchains/XcodeDefault.xctoolchain/usr/bin/lipo exited with 1
2023-09-29 06:15:08 +0000  Skipping architecture thinning for item "IoTConnect_2_0" because arch "arm64e" wasn't found
2023-09-29 06:15:08 +0000  Running /Applications/Xcode14-2.app/Contents/Developer/Toolchains/XcodeDefault.xctoolchain/usr/bin/lipo '/var/folders/0w/753zrdtj3kx7w1_ymdz3tm7c0000gr/T/XcodeDistPipeline.~~~4w2XTD/Root/Payload/IoTConnectDemo.app/IoTConnectDemo' '-verify_arch' 'arm64e'
2023-09-29 06:15:08 +0000  /Applications/Xcode14-2.app/Contents/Developer/Toolchains/XcodeDefault.xctoolchain/usr/bin/lipo exited with 1
2023-09-29 06:15:08 +0000  Skipping architecture thinning for item "IoTConnectDemo" because arch "arm64e" wasn't found
2023-09-29 06:15:08 +0000  Processing step: IDEDistributionODRStep
2023-09-29 06:15:08 +0000  Processing step: IDEDistributionStripXattrsStep
2023-09-29 06:15:08 +0000  Skipping stripping extended attributes of item: <IDEDistributionItem: 0x6002329b5740; bundleID='PS.IoTConnect-2-0', path='<DVTFilePath:0x6000fe372e80:'/Users/kirtan.vaghela/Library/Developer/Xcode/Archives/2023-09-29/IoTConnectDemo 29-09-23, 11.44 AM.xcarchive/Products/Applications/IoTConnectDemo.app/Frameworks/IoTConnect_2_0.framework'>', codeSigningInfo='<_DVTCodeSigningInformation_Path: 0x6000fee1c460; isSigned='1', isAdHocSigned='0', signingCertificate='<DVTSigningCertificate: 0x6000139d88f0; name='iPhone Distribution: Softweb Solutions Inc.', hash='045230EE60DA5A7EE88775DD25C78DFC1B281AE5', serialNumber='65A7D5C3C6956DA512031577CC9FCBD4', certificateKinds='(
    "1.2.840.113635.100.6.1.4"
), issueDate='2023-04-21 09:39:54 +0000''>', entitlements='(null)', teamID='85Z6DRR6M5', identifier='PS.IoTConnect-2-0', executablePath='<DVTFilePath:0x6001166a9a40:'/Users/kirtan.vaghela/Library/Developer/Xcode/Archives/2023-09-29/IoTConnectDemo 29-09-23, 11.44 AM.xcarchive/Products/Applications/IoTConnectDemo.app/Frameworks/IoTConnect_2_0.framework/IoTConnect_2_0'>', hardenedRuntime='0'>'>
2023-09-29 06:15:08 +0000  Running /usr/bin/xattr '-crs' '/var/folders/0w/753zrdtj3kx7w1_ymdz3tm7c0000gr/T/XcodeDistPipeline.~~~4w2XTD/Root/Payload/IoTConnectDemo.app'
2023-09-29 06:15:08 +0000  /usr/bin/xattr exited with 0
2023-09-29 06:15:08 +0000  Processing step: IDEDistributionCodesignStep
2023-09-29 06:15:08 +0000  Entitlements for <IDEDistributionItem: 0x6002329b5740; bundleID='PS.IoTConnect-2-0', path='<DVTFilePath:0x6000fe372e80:'/Users/kirtan.vaghela/Library/Developer/Xcode/Archives/2023-09-29/IoTConnectDemo 29-09-23, 11.44 AM.xcarchive/Products/Applications/IoTConnectDemo.app/Frameworks/IoTConnect_2_0.framework'>', codeSigningInfo='<_DVTCodeSigningInformation_Path: 0x6000fee1c460; isSigned='1', isAdHocSigned='0', signingCertificate='<DVTSigningCertificate: 0x6000139e84d0; name='iPhone Distribution: Softweb Solutions Inc.', hash='045230EE60DA5A7EE88775DD25C78DFC1B281AE5', serialNumber='65A7D5C3C6956DA512031577CC9FCBD4', certificateKinds='(
    "1.2.840.113635.100.6.1.4"
), issueDate='2023-04-21 09:39:54 +0000''>', entitlements='(null)', teamID='85Z6DRR6M5', identifier='PS.IoTConnect-2-0', executablePath='<DVTFilePath:0x6001166a9a40:'/Users/kirtan.vaghela/Library/Developer/Xcode/Archives/2023-09-29/IoTConnectDemo 29-09-23, 11.44 AM.xcarchive/Products/Applications/IoTConnectDemo.app/Frameworks/IoTConnect_2_0.framework/IoTConnect_2_0'>', hardenedRuntime='0'>'>: {
}
2023-09-29 06:15:08 +0000  Entitlements for <IDEDistributionItem: 0x6002329b5740; bundleID='PS.IoTConnect-2-0', path='<DVTFilePath:0x6000fe372e80:'/Users/kirtan.vaghela/Library/Developer/Xcode/Archives/2023-09-29/IoTConnectDemo 29-09-23, 11.44 AM.xcarchive/Products/Applications/IoTConnectDemo.app/Frameworks/IoTConnect_2_0.framework'>', codeSigningInfo='<_DVTCodeSigningInformation_Path: 0x6000fee1c460; isSigned='1', isAdHocSigned='0', signingCertificate='<DVTSigningCertificate: 0x6000139e8bb0; name='iPhone Distribution: Softweb Solutions Inc.', hash='045230EE60DA5A7EE88775DD25C78DFC1B281AE5', serialNumber='65A7D5C3C6956DA512031577CC9FCBD4', certificateKinds='(
    "1.2.840.113635.100.6.1.4"
), issueDate='2023-04-21 09:39:54 +0000''>', entitlements='(null)', teamID='85Z6DRR6M5', identifier='PS.IoTConnect-2-0', executablePath='<DVTFilePath:0x6001166a9a40:'/Users/kirtan.vaghela/Library/Developer/Xcode/Archives/2023-09-29/IoTConnectDemo 29-09-23, 11.44 AM.xcarchive/Products/Applications/IoTConnectDemo.app/Frameworks/IoTConnect_2_0.framework/IoTConnect_2_0'>', hardenedRuntime='0'>'> are: {
}
2023-09-29 06:15:08 +0000  Writing entitlements for <IDEDistributionItem: 0x6002329b5740; bundleID='PS.IoTConnect-2-0', path='<DVTFilePath:0x6000fe372e80:'/Users/kirtan.vaghela/Library/Developer/Xcode/Archives/2023-09-29/IoTConnectDemo 29-09-23, 11.44 AM.xcarchive/Products/Applications/IoTConnectDemo.app/Frameworks/IoTConnect_2_0.framework'>', codeSigningInfo='<_DVTCodeSigningInformation_Path: 0x6000fee1c460; isSigned='1', isAdHocSigned='0', signingCertificate='<DVTSigningCertificate: 0x6000139e8dc0; name='iPhone Distribution: Softweb Solutions Inc.', hash='045230EE60DA5A7EE88775DD25C78DFC1B281AE5', serialNumber='65A7D5C3C6956DA512031577CC9FCBD4', certificateKinds='(
    "1.2.840.113635.100.6.1.4"
), issueDate='2023-04-21 09:39:54 +0000''>', entitlements='(null)', teamID='85Z6DRR6M5', identifier='PS.IoTConnect-2-0', executablePath='<DVTFilePath:0x6001166a9a40:'/Users/kirtan.vaghela/Library/Developer/Xcode/Archives/2023-09-29/IoTConnectDemo 29-09-23, 11.44 AM.xcarchive/Products/Applications/IoTConnectDemo.app/Frameworks/IoTConnect_2_0.framework/IoTConnect_2_0'>', hardenedRuntime='0'>'> to: /var/folders/0w/753zrdtj3kx7w1_ymdz3tm7c0000gr/T/XcodeDistPipeline.~~~4w2XTD/entitlements~~~ZVYJrZ
2023-09-29 06:15:08 +0000  Running /usr/bin/codesign '-vvv' '--force' '--sign' '045230EE60DA5A7EE88775DD25C78DFC1B281AE5' '--entitlements' '/var/folders/0w/753zrdtj3kx7w1_ymdz3tm7c0000gr/T/XcodeDistPipeline.~~~4w2XTD/entitlements~~~ZVYJrZ' '--generate-entitlement-der' '--preserve-metadata=identifier,flags,runtime' '/var/folders/0w/753zrdtj3kx7w1_ymdz3tm7c0000gr/T/XcodeDistPipeline.~~~4w2XTD/Root/Payload/IoTConnectDemo.app/Frameworks/IoTConnect_2_0.framework'
2023-09-29 06:15:08 +0000  /var/folders/0w/753zrdtj3kx7w1_ymdz3tm7c0000gr/T/XcodeDistPipeline.~~~4w2XTD/Root/Payload/IoTConnectDemo.app/Frameworks/IoTConnect_2_0.framework: replacing existing signature
2023-09-29 06:15:08 +0000  /var/folders/0w/753zrdtj3kx7w1_ymdz3tm7c0000gr/T/XcodeDistPipeline.~~~4w2XTD/Root/Payload/IoTConnectDemo.app/Frameworks/IoTConnect_2_0.framework: signed bundle with Mach-O thin (arm64) [PS.IoTConnect-2-0]
2023-09-29 06:15:08 +0000  /usr/bin/codesign exited with 0
2023-09-29 06:15:08 +0000  Entitlements for <IDEDistributionItem: 0x60023a8b9260; bundleID='com.softweb.test', path='<DVTFilePath:0x6001166ab560:'/Users/kirtan.vaghela/Library/Developer/Xcode/Archives/2023-09-29/IoTConnectDemo 29-09-23, 11.44 AM.xcarchive/Products/Applications/IoTConnectDemo.app'>', codeSigningInfo='<_DVTCodeSigningInformation_Path: 0x6000fee1cc30; isSigned='1', isAdHocSigned='0', signingCertificate='<DVTSigningCertificate: 0x6000139e84d0; name='iPhone Distribution: Softweb Solutions Inc.', hash='045230EE60DA5A7EE88775DD25C78DFC1B281AE5', serialNumber='65A7D5C3C6956DA512031577CC9FCBD4', certificateKinds='(
    "1.2.840.113635.100.6.1.4"
), issueDate='2023-04-21 09:39:54 +0000''>', entitlements='{
    "application-identifier" = "85Z6DRR6M5.com.softweb.test";
    "com.apple.developer.team-identifier" = 85Z6DRR6M5;
    "get-task-allow" = 0;
}', teamID='85Z6DRR6M5', identifier='com.softweb.test', executablePath='<DVTFilePath:0x600116688d20:'/Users/kirtan.vaghela/Library/Developer/Xcode/Archives/2023-09-29/IoTConnectDemo 29-09-23, 11.44 AM.xcarchive/Products/Applications/IoTConnectDemo.app/IoTConnectDemo'>', hardenedRuntime='0'>'>: {
    "application-identifier" = "85Z6DRR6M5.com.softweb.test";
    "com.apple.developer.team-identifier" = 85Z6DRR6M5;
    "get-task-allow" = 0;
}
2023-09-29 06:15:08 +0000  Entitlements for <IDEDistributionItem: 0x60023a8b9260; bundleID='com.softweb.test', path='<DVTFilePath:0x6001166ab560:'/Users/kirtan.vaghela/Library/Developer/Xcode/Archives/2023-09-29/IoTConnectDemo 29-09-23, 11.44 AM.xcarchive/Products/Applications/IoTConnectDemo.app'>', codeSigningInfo='<_DVTCodeSigningInformation_Path: 0x6000fee1cc30; isSigned='1', isAdHocSigned='0', signingCertificate='<DVTSigningCertificate: 0x6000139e8bb0; name='iPhone Distribution: Softweb Solutions Inc.', hash='045230EE60DA5A7EE88775DD25C78DFC1B281AE5', serialNumber='65A7D5C3C6956DA512031577CC9FCBD4', certificateKinds='(
    "1.2.840.113635.100.6.1.4"
), issueDate='2023-04-21 09:39:54 +0000''>', entitlements='{
    "application-identifier" = "85Z6DRR6M5.com.softweb.test";
    "com.apple.developer.team-identifier" = 85Z6DRR6M5;
    "get-task-allow" = 0;
}', teamID='85Z6DRR6M5', identifier='com.softweb.test', executablePath='<DVTFilePath:0x600116688d20:'/Users/kirtan.vaghela/Library/Developer/Xcode/Archives/2023-09-29/IoTConnectDemo 29-09-23, 11.44 AM.xcarchive/Products/Applications/IoTConnectDemo.app/IoTConnectDemo'>', hardenedRuntime='0'>'> are: {
    "application-identifier" = "85Z6DRR6M5.com.softweb.test";
    "com.apple.developer.team-identifier" = 85Z6DRR6M5;
    "get-task-allow" = 0;
}
2023-09-29 06:15:08 +0000  Writing entitlements for <IDEDistributionItem: 0x60023a8b9260; bundleID='com.softweb.test', path='<DVTFilePath:0x6001166ab560:'/Users/kirtan.vaghela/Library/Developer/Xcode/Archives/2023-09-29/IoTConnectDemo 29-09-23, 11.44 AM.xcarchive/Products/Applications/IoTConnectDemo.app'>', codeSigningInfo='<_DVTCodeSigningInformation_Path: 0x6000fee1cc30; isSigned='1', isAdHocSigned='0', signingCertificate='<DVTSigningCertificate: 0x6000139d9a20; name='iPhone Distribution: Softweb Solutions Inc.', hash='045230EE60DA5A7EE88775DD25C78DFC1B281AE5', serialNumber='65A7D5C3C6956DA512031577CC9FCBD4', certificateKinds='(
    "1.2.840.113635.100.6.1.4"
), issueDate='2023-04-21 09:39:54 +0000''>', entitlements='{
    "application-identifier" = "85Z6DRR6M5.com.softweb.test";
    "com.apple.developer.team-identifier" = 85Z6DRR6M5;
    "get-task-allow" = 0;
}', teamID='85Z6DRR6M5', identifier='com.softweb.test', executablePath='<DVTFilePath:0x600116688d20:'/Users/kirtan.vaghela/Library/Developer/Xcode/Archives/2023-09-29/IoTConnectDemo 29-09-23, 11.44 AM.xcarchive/Products/Applications/IoTConnectDemo.app/IoTConnectDemo'>', hardenedRuntime='0'>'> to: /var/folders/0w/753zrdtj3kx7w1_ymdz3tm7c0000gr/T/XcodeDistPipeline.~~~4w2XTD/entitlements~~~1t0Z85
2023-09-29 06:15:08 +0000  Running /usr/bin/codesign '-vvv' '--force' '--sign' '045230EE60DA5A7EE88775DD25C78DFC1B281AE5' '--entitlements' '/var/folders/0w/753zrdtj3kx7w1_ymdz3tm7c0000gr/T/XcodeDistPipeline.~~~4w2XTD/entitlements~~~1t0Z85' '--generate-entitlement-der' '--preserve-metadata=identifier,flags,runtime' '/var/folders/0w/753zrdtj3kx7w1_ymdz3tm7c0000gr/T/XcodeDistPipeline.~~~4w2XTD/Root/Payload/IoTConnectDemo.app'
2023-09-29 06:15:08 +0000  /var/folders/0w/753zrdtj3kx7w1_ymdz3tm7c0000gr/T/XcodeDistPipeline.~~~4w2XTD/Root/Payload/IoTConnectDemo.app: replacing existing signature
2023-09-29 06:15:08 +0000  /var/folders/0w/753zrdtj3kx7w1_ymdz3tm7c0000gr/T/XcodeDistPipeline.~~~4w2XTD/Root/Payload/IoTConnectDemo.app: signed app bundle with Mach-O thin (arm64) [com.softweb.test]
2023-09-29 06:15:08 +0000  /usr/bin/codesign exited with 0
2023-09-29 06:15:08 +0000  Processing step: IDEDistributionZipODRItemStep
2023-09-29 06:15:08 +0000  Skipping step: IDEDistributionZipODRItemStep because it said so
2023-09-29 06:15:08 +0000  Skipping step: IDEDistributionZipODRItemStep because it said so
2023-09-29 06:15:08 +0000  Processing step: IDEDistributionCreateIPAStep
2023-09-29 06:15:08 +0000  Running /usr/bin/ditto '-V' '-c' '-k' '--norsrc' '/var/folders/0w/753zrdtj3kx7w1_ymdz3tm7c0000gr/T/XcodeDistPipeline.~~~4w2XTD/Root' '/var/folders/0w/753zrdtj3kx7w1_ymdz3tm7c0000gr/T/XcodeDistPipeline.~~~4w2XTD/Packages/IoTConnectDemo.ipa'
2023-09-29 06:15:08 +0000  >>> Copying /var/folders/0w/753zrdtj3kx7w1_ymdz3tm7c0000gr/T/XcodeDistPipeline.~~~4w2XTD/Root 
2023-09-29 06:15:08 +0000  copying file ./Payload/IoTConnectDemo.app/_CodeSignature/CodeResources ... 
2023-09-29 06:15:08 +0000  6233 bytes for ./Payload/IoTConnectDemo.app/_CodeSignature/CodeResources
2023-09-29 06:15:08 +0000  copying file ./Payload/IoTConnectDemo.app/client.p12 ... 
2023-09-29 06:15:08 +0000  2309 bytes for ./Payload/IoTConnectDemo.app/client.p12
2023-09-29 06:15:08 +0000  copying file ./Payload/IoTConnectDemo.app/TableHeaderView.nib ... 
2023-09-29 06:15:08 +0000  3625 bytes for ./Payload/IoTConnectDemo.app/TableHeaderView.nib
2023-09-29 06:15:08 +0000  copying file ./Payload/IoTConnectDemo.app/IoTConnectDemo ... 
2023-09-29 06:15:08 +0000  683808 bytes for ./Payload/IoTConnectDemo.app/IoTConnectDemo
2023-09-29 06:15:08 +0000  copying file ./Payload/IoTConnectDemo.app/Base.lproj/Main.storyboardc/UINavigationController-3ey-NY-Slv.nib ... 
2023-09-29 06:15:08 +0000  1760 bytes for ./Payload/IoTConnectDemo.app/Base.lproj/Main.storyboardc/UINavigationController-3ey-NY-Slv.nib
2023-09-29 06:15:08 +0000  copying file ./Payload/IoTConnectDemo.app/Base.lproj/Main.storyboardc/ChildOperationVC.nib ... 
2023-09-29 06:15:08 +0000  1060 bytes for ./Payload/IoTConnectDemo.app/Base.lproj/Main.storyboardc/ChildOperationVC.nib
2023-09-29 06:15:08 +0000  copying file ./Payload/IoTConnectDemo.app/Base.lproj/Main.storyboardc/WM8-vI-5hN-view-YYj-jx-Jhw.nib ... 
2023-09-29 06:15:08 +0000  24680 bytes for ./Payload/IoTConnectDemo.app/Base.lproj/Main.storyboardc/WM8-vI-5hN-view-YYj-jx-Jhw.nib
2023-09-29 06:15:08 +0000  copying file ./Payload/IoTConnectDemo.app/Base.lproj/Main.storyboardc/vdq-9a-pca-view-x8u-d3-eOg.nib ... 
2023-09-29 06:15:08 +0000  8858 bytes for ./Payload/IoTConnectDemo.app/Base.lproj/Main.storyboardc/vdq-9a-pca-view-x8u-d3-eOg.nib
2023-09-29 06:15:08 +0000  copying file ./Payload/IoTConnectDemo.app/Base.lproj/Main.storyboardc/Info.plist ... 
2023-09-29 06:15:08 +0000  329 bytes for ./Payload/IoTConnectDemo.app/Base.lproj/Main.storyboardc/Info.plist
2023-09-29 06:15:08 +0000  copying file ./Payload/IoTConnectDemo.app/Base.lproj/LaunchScreen.storyboardc/01J-lp-oVM-view-Ze5-6b-2t3.nib ... 
2023-09-29 06:15:08 +0000  1197 bytes for ./Payload/IoTConnectDemo.app/Base.lproj/LaunchScreen.storyboardc/01J-lp-oVM-view-Ze5-6b-2t3.nib
2023-09-29 06:15:08 +0000  copying file ./Payload/IoTConnectDemo.app/Base.lproj/LaunchScreen.storyboardc/UIViewController-01J-lp-oVM.nib ... 
2023-09-29 06:15:08 +0000  896 bytes for ./Payload/IoTConnectDemo.app/Base.lproj/LaunchScreen.storyboardc/UIViewController-01J-lp-oVM.nib
2023-09-29 06:15:08 +0000  copying file ./Payload/IoTConnectDemo.app/Base.lproj/LaunchScreen.storyboardc/Info.plist ... 
2023-09-29 06:15:08 +0000  258 bytes for ./Payload/IoTConnectDemo.app/Base.lproj/LaunchScreen.storyboardc/Info.plist
2023-09-29 06:15:08 +0000  copying file ./Payload/IoTConnectDemo.app/Assets.car ... 
2023-09-29 06:15:08 +0000  31743 bytes for ./Payload/IoTConnectDemo.app/Assets.car
copying file ./Payload/IoTConnectDemo.app/DeviceCertificate.pfx ... 
2023-09-29 06:15:08 +0000  3165 bytes for ./Payload/IoTConnectDemo.app/DeviceCertificate.pfx
2023-09-29 06:15:08 +0000  copying file ./Payload/IoTConnectDemo.app/Frameworks/IoTConnect_2_0.framework/_CodeSignature/CodeResources ... 
2023-09-29 06:15:08 +0000  1798 bytes for ./Payload/IoTConnectDemo.app/Frameworks/IoTConnect_2_0.framework/_CodeSignature/CodeResources
2023-09-29 06:15:08 +0000  copying file ./Payload/IoTConnectDemo.app/Frameworks/IoTConnect_2_0.framework/IoTConnect_2_0 ... 
2023-09-29 06:15:08 +0000  1660560 bytes for ./Payload/IoTConnectDemo.app/Frameworks/IoTConnect_2_0.framework/IoTConnect_2_0
copying file ./Payload/IoTConnectDemo.app/Frameworks/IoTConnect_2_0.framework/Info.plist ... 
2023-09-29 06:15:08 +0000  752 bytes for ./Payload/IoTConnectDemo.app/Frameworks/IoTConnect_2_0.framework/Info.plist
2023-09-29 06:15:08 +0000  copying file ./Payload/IoTConnectDemo.app/embedded.mobileprovision ... 
2023-09-29 06:15:08 +0000  12474 bytes for ./Payload/IoTConnectDemo.app/embedded.mobileprovision
copying file ./Payload/IoTConnectDemo.app/Info.plist ... 
2023-09-29 06:15:08 +0000  1474 bytes for ./Payload/IoTConnectDemo.app/Info.plist
copying file ./Payload/IoTConnectDemo.app/PkgInfo ... 
2023-09-29 06:15:08 +0000  8 bytes for ./Payload/IoTConnectDemo.app/PkgInfo
2023-09-29 06:15:08 +0000  /usr/bin/ditto exited with 0
2023-09-29 06:15:08 +0000  Processing step: IDEDistributionAppStoreInformationStep
2023-09-29 06:15:08 +0000  Skipping step: IDEDistributionAppStoreInformationStep because it said so
2023-09-29 06:15:08 +0000  Processing step: IDEDistributionGenerateProcessedDistributionItems
2023-09-29 06:15:08 +0000  IDEDistributionItem init <DVTFilePath:0x6000860b8c80:'/var/folders/0w/753zrdtj3kx7w1_ymdz3tm7c0000gr/T/XcodeDistPipeline.~~~4w2XTD/Root/Payload/IoTConnectDemo.app/Frameworks/IoTConnect_2_0.framework'>
2023-09-29 06:15:08 +0000  IDEDistributionItem init <DVTFilePath:0x60010e667100:'/var/folders/0w/753zrdtj3kx7w1_ymdz3tm7c0000gr/T/XcodeDistPipeline.~~~4w2XTD/Root/Payload/IoTConnectDemo.app'>
2023-09-29 06:15:08 +0000  Processing step: IDEDistributionCreateManifestStep
